Using pre-set license
Built from '6000.0/staging' branch; Version is '6000.0.30f1 (62b05ba0686a) revision 6467675'; Using compiler version '193933523'; Build Type 'Release'
OS: 'Windows 11  (10.0.26100) 64bit CoreSingleLanguage' Language: 'en' Physical Memory: 15610 MB
BatchMode: 1, IsHumanControllingUs: 0, StartBugReporterOnCrash: 0, Is64bit: 1, IsPro: 1

COMMAND LINE ARGUMENTS:
D:\UnityEditor\6000.0.30f1\Editor\Unity.exe
-adb2
-batchMode
-noUpm
-name
AssetImportWorker5
-projectPath
D:/UNITY PROJECT/Learn Unity
-logFile
Logs/AssetImportWorker5.log
-srvPort
59228
-job-worker-count
7
-background-job-worker-count
8
-asset-garbage-collectors
1
Successfully changed project path to: D:/UNITY PROJECT/Learn Unity
D:/UNITY PROJECT/Learn Unity
[UnityMemory] Configuration Parameters - Can be set up in boot.config
    "memorysetup-bucket-allocator-granularity=16"
    "memorysetup-bucket-allocator-bucket-count=8"
    "memorysetup-bucket-allocator-block-size=33554432"
    "memorysetup-bucket-allocator-block-count=8"
    "memorysetup-main-allocator-block-size=16777216"
    "memorysetup-thread-allocator-block-size=16777216"
    "memorysetup-gfx-main-allocator-block-size=16777216"
    "memorysetup-gfx-thread-allocator-block-size=16777216"
    "memorysetup-cache-allocator-block-size=4194304"
    "memorysetup-typetree-allocator-block-size=2097152"
    "memorysetup-profiler-bucket-allocator-granularity=16"
    "memorysetup-profiler-bucket-allocator-bucket-count=8"
    "memorysetup-profiler-bucket-allocator-block-size=33554432"
    "memorysetup-profiler-bucket-allocator-block-count=8"
    "memorysetup-profiler-allocator-block-size=16777216"
    "memorysetup-profiler-editor-allocator-block-size=1048576"
    "memorysetup-temp-allocator-size-main=16777216"
    "memorysetup-job-temp-allocator-block-size=2097152"
    "memorysetup-job-temp-allocator-block-size-background=1048576"
    "memorysetup-job-temp-allocator-reduction-small-platforms=262144"
    "memorysetup-allocator-temp-initial-block-size-main=262144"
    "memorysetup-allocator-temp-initial-block-size-worker=262144"
    "memorysetup-temp-allocator-size-background-worker=32768"
    "memorysetup-temp-allocator-size-job-worker=262144"
    "memorysetup-temp-allocator-size-preload-manager=33554432"
    "memorysetup-temp-allocator-size-nav-mesh-worker=65536"
    "memorysetup-temp-allocator-size-audio-worker=65536"
    "memorysetup-temp-allocator-size-cloud-worker=32768"
    "memorysetup-temp-allocator-size-gi-baking-worker=262144"
    "memorysetup-temp-allocator-size-gi-baking-worker=262144"
    "memorysetup-temp-allocator-size-gi-baking-worker=262144"
    "memorysetup-temp-allocator-size-gi-baking-worker=262144"
    "memorysetup-temp-allocator-size-gi-baking-worker=262144"
    "memorysetup-temp-allocator-size-gfx=262144"
Player connection [39432]  Target information:

Player connection [39432]  * "[IP] 192.168.1.3 [Port] 0 [Flags] 2 [Guid] 564184272 [EditorId] 564184272 [Version] 1048832 [Id] WindowsEditor(7,OliverC-LAPPTVSK980) [Debug] 1 [PackageName] WindowsEditor [ProjectName] Editor" 

Player connection [39432] Host joined multi-casting on [225.0.0.222:54997]...
Player connection [39432] Host joined alternative multi-casting on [225.0.0.222:34997]...
JobSystem: Creating JobQueue using job-worker-count value 7
[Physics::Module] Initialized fallback backend.
[Physics::Module] Id: 0xdecafbad
Library Redirect Path: Library/
[Physics::Module] Selected backend.
[Physics::Module] Name: PhysX
[Physics::Module] Id: 0xf2b8ea05
[Physics::Module] SDK Version: 4.1.2
[Physics::Module] Integration Version: 1.0.0
[Physics::Module] Threading Mode: Multi-Threaded
Refreshing native plugins compatible for Editor in 1.38 ms, found 3 plugins.
Preloading 0 native plugins for Editor in 0.00 ms.
Initialize engine version: 6000.0.30f1 (62b05ba0686a)
[Subsystems] Discovering subsystems at path D:/UnityEditor/6000.0.30f1/Editor/Data/Resources/UnitySubsystems
[Subsystems] Discovering subsystems at path D:/UNITY PROJECT/Learn Unity/Assets
GfxDevice: creating device client; kGfxThreadingModeNonThreaded
Direct3D:
    Version:  Direct3D 11.0 [level 11.1]
    Renderer: NVIDIA GeForce RTX 4050 Laptop GPU (ID=0x28e1)
    Vendor:   NVIDIA
    VRAM:     5921 MB
    Driver:   32.0.15.6626
Initialize mono
Mono path[0] = 'D:/UnityEditor/6000.0.30f1/Editor/Data/Managed'
Mono path[1] = 'D:/UnityEditor/6000.0.30f1/Editor/Data/MonoBleedingEdge/lib/mono/unityjit-win32'
Mono config path = 'D:/UnityEditor/6000.0.30f1/Editor/Data/MonoBleedingEdge/etc'
Using monoOptions --debugger-agent=transport=dt_socket,embedding=1,server=y,suspend=n,address=127.0.0.1:56880
Begin MonoManager ReloadAssembly
Registering precompiled unity dll's ...
Register platform support module: D:/UnityEditor/6000.0.30f1/Editor/Data/PlaybackEngines/WebGLSupport/UnityEditor.WebGL.Extensions.dll
Register platform support module: D:/UnityEditor/6000.0.30f1/Editor/Data/PlaybackEngines/WindowsStandaloneSupport/UnityEditor.WindowsStandalone.Extensions.dll
Register platform support module: D:/UnityEditor/6000.0.30f1/Editor/Data/PlaybackEngines/MetroSupport/UnityEditor.UWP.Extensions.dll
Register platform support module: D:/UnityEditor/6000.0.30f1/Editor/Data/PlaybackEngines/AndroidPlayer/UnityEditor.Android.Extensions.dll
Register platform support module: D:/UnityEditor/6000.0.30f1/Editor/Data/PlaybackEngines/iOSSupport/UnityEditor.iOS.Extensions.dll
Registered in 0.004791 seconds.
- Loaded All Assemblies, in  0.415 seconds
[usbmuxd] Start listen thread
[usbmuxd] Listen thread started
Native extension for iOS target not found
Native extension for Android target not found
Android Extension - Scanning For ADB Devices 352 ms
Native extension for UWP target not found
Native extension for WindowsStandalone target not found
Native extension for WebGL target not found
Mono: successfully reloaded assembly
- Finished resetting the current domain, in  0.766 seconds
Domain Reload Profiling: 1181ms
	BeginReloadAssembly (133ms)
		ExecutionOrderSort (0ms)
		DisableScriptedObjects (0ms)
		BackupInstance (0ms)
		ReleaseScriptingObjects (0ms)
		CreateAndSetChildDomain (1ms)
	RebuildCommonClasses (36ms)
	RebuildNativeTypeToScriptingClass (11ms)
	initialDomainReloadingComplete (50ms)
	LoadAllAssembliesAndSetupDomain (183ms)
		LoadAssemblies (134ms)
		RebuildTransferFunctionScriptingTraits (0ms)
		AnalyzeDomain (179ms)
			TypeCache.Refresh (177ms)
				TypeCache.ScanAssembly (161ms)
			BuildScriptInfoCaches (0ms)
			ResolveRequiredComponents (0ms)
	FinalizeReload (767ms)
		ReleaseScriptCaches (0ms)
		RebuildScriptCaches (0ms)
		SetupLoadedEditorAssemblies (723ms)
			LogAssemblyErrors (0ms)
			InitializePlatformSupportModulesInManaged (486ms)
			SetLoadedEditorAssemblies (4ms)
			BeforeProcessingInitializeOnLoad (50ms)
			ProcessInitializeOnLoadAttributes (115ms)
			ProcessInitializeOnLoadMethodAttributes (67ms)
			AfterProcessingInitializeOnLoad (0ms)
			EditorAssembliesLoaded (0ms)
		ExecutionOrderSort2 (0ms)
		AwakeInstancesAfterBackupRestoration (0ms)
========================================================================
Worker process is ready to serve import requests
Import Worker Mode flag is 0x00
Begin MonoManager ReloadAssembly
- Loaded All Assemblies, in  0.707 seconds
Refreshing native plugins compatible for Editor in 0.68 ms, found 3 plugins.
Native extension for iOS target not found
Native extension for Android target not found
Native extension for UWP target not found
Native extension for WindowsStandalone target not found
Native extension for WebGL target not found
Mono: successfully reloaded assembly
- Finished resetting the current domain, in  0.596 seconds
Domain Reload Profiling: 1303ms
	BeginReloadAssembly (171ms)
		ExecutionOrderSort (0ms)
		DisableScriptedObjects (6ms)
		BackupInstance (0ms)
		ReleaseScriptingObjects (0ms)
		CreateAndSetChildDomain (35ms)
	RebuildCommonClasses (38ms)
	RebuildNativeTypeToScriptingClass (11ms)
	initialDomainReloadingComplete (36ms)
	LoadAllAssembliesAndSetupDomain (450ms)
		LoadAssemblies (318ms)
		RebuildTransferFunctionScriptingTraits (0ms)
		AnalyzeDomain (233ms)
			TypeCache.Refresh (183ms)
				TypeCache.ScanAssembly (166ms)
			BuildScriptInfoCaches (41ms)
			ResolveRequiredComponents (5ms)
	FinalizeReload (597ms)
		ReleaseScriptCaches (0ms)
		RebuildScriptCaches (0ms)
		SetupLoadedEditorAssemblies (468ms)
			LogAssemblyErrors (0ms)
			InitializePlatformSupportModulesInManaged (27ms)
			SetLoadedEditorAssemblies (4ms)
			BeforeProcessingInitializeOnLoad (85ms)
			ProcessInitializeOnLoadAttributes (323ms)
			ProcessInitializeOnLoadMethodAttributes (27ms)
			AfterProcessingInitializeOnLoad (3ms)
			EditorAssembliesLoaded (0ms)
		ExecutionOrderSort2 (0ms)
		AwakeInstancesAfterBackupRestoration (7ms)
Launched and connected shader compiler UnityShaderCompiler.exe after 0.01 seconds
Refreshing native plugins compatible for Editor in 0.95 ms, found 3 plugins.
Preloading 0 native plugins for Editor in 0.00 ms.
Unloading 9 Unused Serialized files (Serialized files now loaded: 0)
Unloading 3694 unused Assets / (1.2 MB). Loaded Objects now: 4198.
Memory consumption went from 88.2 MB to 87.1 MB.
Total: 8.934600 ms (FindLiveObjects: 0.647100 ms CreateObjectMapping: 0.881000 ms MarkObjects: 6.071500 ms  DeleteObjects: 1.331000 ms)

========================================================================
Received Import Request.
  Time since last request: 113610.295705 seconds.
  path: Assets/assets/Models/Barrel1.fbx
  artifactKey: Guid(2b6ffcaa07fc8884397f37921272adaf) Importer(815301076,1909f56bfc062723c751e8b465ee728b)
Start importing Assets/assets/Models/Barrel1.fbx using Guid(2b6ffcaa07fc8884397f37921272adaf) Importer(815301076,1909f56bfc062723c751e8b465ee728b) (PreviewImporter) -> (artifact id: '768d8d089da88588bb208840df01b6c1') in 0.6167334 seconds
Number of updated asset objects reloaded before import = 0Number of asset objects unloaded after import = 11

========================================================================
Received Import Request.
  Time since last request: 0.000037 seconds.
  path: Assets/assets/Models/BridgeWood_el3.fbx
  artifactKey: Guid(02302806550a0e54a980a4369020556f) Importer(815301076,1909f56bfc062723c751e8b465ee728b)
Start importing Assets/assets/Models/BridgeWood_el3.fbx using Guid(02302806550a0e54a980a4369020556f) Importer(815301076,1909f56bfc062723c751e8b465ee728b) (PreviewImporter) -> (artifact id: '5e8ba9b3d9ba4a88f6bd1aaa9d91ed29') in 0.0424173 seconds
Number of updated asset objects reloaded before import = 0Number of asset objects unloaded after import = 9

========================================================================
Received Import Request.
  Time since last request: 0.000041 seconds.
  path: Assets/assets/Models/Barrel6.fbx
  artifactKey: Guid(3fdbfc930c74c0849abdd0840d14aa5f) Importer(815301076,1909f56bfc062723c751e8b465ee728b)
Start importing Assets/assets/Models/Barrel6.fbx using Guid(3fdbfc930c74c0849abdd0840d14aa5f) Importer(815301076,1909f56bfc062723c751e8b465ee728b) (PreviewImporter) -> (artifact id: '460ba7d85ac414d477ec7d86227a5da1') in 0.0302693 seconds
Number of updated asset objects reloaded before import = 0Number of asset objects unloaded after import = 11

========================================================================
Received Import Request.
  Time since last request: 0.000024 seconds.
  path: Assets/assets/Models/Car6B.fbx
  artifactKey: Guid(6578b20bdc49dd04bb02786f98228646) Importer(815301076,1909f56bfc062723c751e8b465ee728b)
Start importing Assets/assets/Models/Car6B.fbx using Guid(6578b20bdc49dd04bb02786f98228646) Importer(815301076,1909f56bfc062723c751e8b465ee728b) (PreviewImporter) -> (artifact id: 'f89935a4f8d065e77807827cef797c49') in 0.0551399 seconds
Number of updated asset objects reloaded before import = 0Number of asset objects unloaded after import = 21

========================================================================
Received Import Request.
  Time since last request: 0.000022 seconds.
  path: Assets/assets/Models/Car6A.fbx
  artifactKey: Guid(d6afdb73b79cbe142b53a95c6951c72e) Importer(815301076,1909f56bfc062723c751e8b465ee728b)
Start importing Assets/assets/Models/Car6A.fbx using Guid(d6afdb73b79cbe142b53a95c6951c72e) Importer(815301076,1909f56bfc062723c751e8b465ee728b) (PreviewImporter) -> (artifact id: '77754ee40d0a02b9898a6ec3ac1c7b79') in 0.0540366 seconds
Number of updated asset objects reloaded before import = 0Number of asset objects unloaded after import = 21

========================================================================
Received Import Request.
  Time since last request: 0.000024 seconds.
  path: Assets/assets/Models/Brickwall3A.fbx
  artifactKey: Guid(559caa4e2bd8abe48ad11007b3747447) Importer(815301076,1909f56bfc062723c751e8b465ee728b)
Start importing Assets/assets/Models/Brickwall3A.fbx using Guid(559caa4e2bd8abe48ad11007b3747447) Importer(815301076,1909f56bfc062723c751e8b465ee728b) (PreviewImporter) -> (artifact id: 'd954918831bfc86f6094d00b63309548') in 0.0296973 seconds
Number of updated asset objects reloaded before import = 0Number of asset objects unloaded after import = 9

========================================================================
Received Import Request.
  Time since last request: 0.000024 seconds.
  path: Assets/assets/Models/Barrel3.fbx
  artifactKey: Guid(67b8a010e9e016d48893b71a08e68f87) Importer(815301076,1909f56bfc062723c751e8b465ee728b)
Start importing Assets/assets/Models/Barrel3.fbx using Guid(67b8a010e9e016d48893b71a08e68f87) Importer(815301076,1909f56bfc062723c751e8b465ee728b) (PreviewImporter) -> (artifact id: 'ad4a7b64bc254aead62641d840dc9c50') in 0.0311612 seconds
Number of updated asset objects reloaded before import = 0Number of asset objects unloaded after import = 11

========================================================================
Received Import Request.
  Time since last request: 0.000030 seconds.
  path: Assets/assets/Models/Barrel5.fbx
  artifactKey: Guid(a37dca068e6161d46b48e172703bc0f3) Importer(815301076,1909f56bfc062723c751e8b465ee728b)
Start importing Assets/assets/Models/Barrel5.fbx using Guid(a37dca068e6161d46b48e172703bc0f3) Importer(815301076,1909f56bfc062723c751e8b465ee728b) (PreviewImporter) -> (artifact id: 'fdf466495b34a559644220fd8a080236') in 0.0251087 seconds
Number of updated asset objects reloaded before import = 0Number of asset objects unloaded after import = 11

========================================================================
Received Import Request.
  Time since last request: 0.000030 seconds.
  path: Assets/assets/Models/Cliff1.fbx
  artifactKey: Guid(1409cc4fbdb01e5439f16c51beb003b0) Importer(815301076,1909f56bfc062723c751e8b465ee728b)
Start importing Assets/assets/Models/Cliff1.fbx using Guid(1409cc4fbdb01e5439f16c51beb003b0) Importer(815301076,1909f56bfc062723c751e8b465ee728b) (PreviewImporter) -> (artifact id: '45920feaf4cf517159258f67bbf563b9') in 0.1123545 seconds
Number of updated asset objects reloaded before import = 0Number of asset objects unloaded after import = 10

========================================================================
Received Import Request.
  Time since last request: 0.000047 seconds.
  path: Assets/assets/Models/Carrot2.fbx
  artifactKey: Guid(27f722843a29f3645828dc50ec910ceb) Importer(815301076,1909f56bfc062723c751e8b465ee728b)
Start importing Assets/assets/Models/Carrot2.fbx using Guid(27f722843a29f3645828dc50ec910ceb) Importer(815301076,1909f56bfc062723c751e8b465ee728b) (PreviewImporter) -> (artifact id: '69614dbd3ac785335f3a8e17cbff2e13') in 0.0474486 seconds
Number of updated asset objects reloaded before import = 0Number of asset objects unloaded after import = 16

========================================================================
Received Import Request.
  Time since last request: 0.000033 seconds.
  path: Assets/assets/Models/Car4A.fbx
  artifactKey: Guid(d25db4c4d315bc140a5f9cdadf2de53b) Importer(815301076,1909f56bfc062723c751e8b465ee728b)
Start importing Assets/assets/Models/Car4A.fbx using Guid(d25db4c4d315bc140a5f9cdadf2de53b) Importer(815301076,1909f56bfc062723c751e8b465ee728b) (PreviewImporter) -> (artifact id: '475290a1cae5416bfc6cbead6801c359') in 0.0569728 seconds
Number of updated asset objects reloaded before import = 0Number of asset objects unloaded after import = 21

========================================================================
Received Import Request.
  Time since last request: 0.000022 seconds.
  path: Assets/assets/Models/Bench1.fbx
  artifactKey: Guid(d02b31461cbc0654784c6391dc2e4aa2) Importer(815301076,1909f56bfc062723c751e8b465ee728b)
Start importing Assets/assets/Models/Bench1.fbx using Guid(d02b31461cbc0654784c6391dc2e4aa2) Importer(815301076,1909f56bfc062723c751e8b465ee728b) (PreviewImporter) -> (artifact id: 'c72de28211f18a9e3929a2f99e480303') in 0.0312 seconds
Number of updated asset objects reloaded before import = 0Number of asset objects unloaded after import = 9

========================================================================
Received Import Request.
  Time since last request: 0.000024 seconds.
  path: Assets/assets/Models/BridgeWood_el2.fbx
  artifactKey: Guid(dd47bc49661bbe84bb840508dc240eab) Importer(815301076,1909f56bfc062723c751e8b465ee728b)
Start importing Assets/assets/Models/BridgeWood_el2.fbx using Guid(dd47bc49661bbe84bb840508dc240eab) Importer(815301076,1909f56bfc062723c751e8b465ee728b) (PreviewImporter) -> (artifact id: '1aacbbc24f7417ab8f768a09ba52df49') in 0.0342396 seconds
Number of updated asset objects reloaded before import = 0Number of asset objects unloaded after import = 9

========================================================================
Received Import Request.
  Time since last request: 0.000026 seconds.
  path: Assets/assets/Models/Bush2.fbx
  artifactKey: Guid(1e68c54bf997e4544af5502cb48b8db3) Importer(815301076,1909f56bfc062723c751e8b465ee728b)
Start importing Assets/assets/Models/Bush2.fbx using Guid(1e68c54bf997e4544af5502cb48b8db3) Importer(815301076,1909f56bfc062723c751e8b465ee728b) (PreviewImporter) -> (artifact id: '6b8952fe0789de64a2d5c24e4c3ba779') in 0.0279759 seconds
Number of updated asset objects reloaded before import = 0Number of asset objects unloaded after import = 9

========================================================================
Received Import Request.
  Time since last request: 0.000029 seconds.
  path: Assets/assets/Models/Car2B.fbx
  artifactKey: Guid(90bb66c08ac22b541b06cb15c7b85ed6) Importer(815301076,1909f56bfc062723c751e8b465ee728b)
Start importing Assets/assets/Models/Car2B.fbx using Guid(90bb66c08ac22b541b06cb15c7b85ed6) Importer(815301076,1909f56bfc062723c751e8b465ee728b) (PreviewImporter) -> (artifact id: 'ca798d04fc3a74d7df9dbcfc42836427') in 0.0521763 seconds
Number of updated asset objects reloaded before import = 0Number of asset objects unloaded after import = 21

========================================================================
Received Import Request.
  Time since last request: 0.000026 seconds.
  path: Assets/assets/Models/Cliff2.fbx
  artifactKey: Guid(67054e2ed0bd9d346afb6e4e7a9a8bce) Importer(815301076,1909f56bfc062723c751e8b465ee728b)
Start importing Assets/assets/Models/Cliff2.fbx using Guid(67054e2ed0bd9d346afb6e4e7a9a8bce) Importer(815301076,1909f56bfc062723c751e8b465ee728b) (PreviewImporter) -> (artifact id: 'd7da3d365d8412233deacd47ae4af042') in 0.029129 seconds
Number of updated asset objects reloaded before import = 0Number of asset objects unloaded after import = 10

========================================================================
Received Import Request.
  Time since last request: 0.000034 seconds.
  path: Assets/assets/Models/Box1.fbx
  artifactKey: Guid(e415c143f114d2f4b8f1019be8978f4e) Importer(815301076,1909f56bfc062723c751e8b465ee728b)
Start importing Assets/assets/Models/Box1.fbx using Guid(e415c143f114d2f4b8f1019be8978f4e) Importer(815301076,1909f56bfc062723c751e8b465ee728b) (PreviewImporter) -> (artifact id: '635ce53bef3487e97747dfc3f2f0bb4c') in 0.026084 seconds
Number of updated asset objects reloaded before import = 0Number of asset objects unloaded after import = 9

========================================================================
Received Import Request.
  Time since last request: 0.000020 seconds.
  path: Assets/assets/Models/Brickwall1B.fbx
  artifactKey: Guid(83e16332fd53ccb438daf38b3b51cc51) Importer(815301076,1909f56bfc062723c751e8b465ee728b)
Start importing Assets/assets/Models/Brickwall1B.fbx using Guid(83e16332fd53ccb438daf38b3b51cc51) Importer(815301076,1909f56bfc062723c751e8b465ee728b) (PreviewImporter) -> (artifact id: '76b613dc2ccc81f9a1195f5082acf604') in 0.0298112 seconds
Number of updated asset objects reloaded before import = 0Number of asset objects unloaded after import = 9

========================================================================
Received Import Request.
  Time since last request: 0.000029 seconds.
  path: Assets/assets/Models/Barrel4.fbx
  artifactKey: Guid(f9b12a5b5fb3be94995127283b9afb1f) Importer(815301076,1909f56bfc062723c751e8b465ee728b)
Start importing Assets/assets/Models/Barrel4.fbx using Guid(f9b12a5b5fb3be94995127283b9afb1f) Importer(815301076,1909f56bfc062723c751e8b465ee728b) (PreviewImporter) -> (artifact id: '94a6126ab87bf321255fa348e0f821eb') in 0.0306363 seconds
Number of updated asset objects reloaded before import = 0Number of asset objects unloaded after import = 11

========================================================================
Received Import Request.
  Time since last request: 0.000020 seconds.
  path: Assets/assets/Models/Cabbage2.fbx
  artifactKey: Guid(b73bf9acf4b5e3142b447841fdd23a08) Importer(815301076,1909f56bfc062723c751e8b465ee728b)
Start importing Assets/assets/Models/Cabbage2.fbx using Guid(b73bf9acf4b5e3142b447841fdd23a08) Importer(815301076,1909f56bfc062723c751e8b465ee728b) (PreviewImporter) -> (artifact id: '971e513052e5274d7dd4e5d3ec7ced23') in 0.0394533 seconds
Number of updated asset objects reloaded before import = 0Number of asset objects unloaded after import = 16

========================================================================
Received Import Request.
  Time since last request: 0.000029 seconds.
  path: Assets/assets/Models/Box2.fbx
  artifactKey: Guid(05af9b3d76df9874093cfa12a85f5c0d) Importer(815301076,1909f56bfc062723c751e8b465ee728b)
Start importing Assets/assets/Models/Box2.fbx using Guid(05af9b3d76df9874093cfa12a85f5c0d) Importer(815301076,1909f56bfc062723c751e8b465ee728b) (PreviewImporter) -> (artifact id: '420292300783ebce0fe0642958534ca6') in 0.0275931 seconds
Number of updated asset objects reloaded before import = 0Number of asset objects unloaded after import = 9

========================================================================
Received Import Request.
  Time since last request: 0.000020 seconds.
  path: Assets/assets/Models/Carrot1.fbx
  artifactKey: Guid(6eca3b4e6ec30334aa6e45c5b6bf224d) Importer(815301076,1909f56bfc062723c751e8b465ee728b)
Start importing Assets/assets/Models/Carrot1.fbx using Guid(6eca3b4e6ec30334aa6e45c5b6bf224d) Importer(815301076,1909f56bfc062723c751e8b465ee728b) (PreviewImporter) -> (artifact id: '7edb188d7d741517ffa530d73c2add90') in 0.0417083 seconds
Number of updated asset objects reloaded before import = 0Number of asset objects unloaded after import = 16

========================================================================
Received Import Request.
  Time since last request: 0.312830 seconds.
  path: Assets/assets/Models/Container2.fbx
  artifactKey: Guid(d3db7bf83932feb4f8f620611056927c) Importer(815301076,1909f56bfc062723c751e8b465ee728b)
Start importing Assets/assets/Models/Container2.fbx using Guid(d3db7bf83932feb4f8f620611056927c) Importer(815301076,1909f56bfc062723c751e8b465ee728b) (PreviewImporter) -> (artifact id: '6457f55c63096206fa5e35fbe32820cb') in 0.0280891 seconds
Number of updated asset objects reloaded before import = 0Number of asset objects unloaded after import = 9

========================================================================
Received Import Request.
  Time since last request: 0.000022 seconds.
  path: Assets/assets/Models/Farm_1.fbx
  artifactKey: Guid(f9e20e3484ddf0e4db27f3b33d033288) Importer(815301076,1909f56bfc062723c751e8b465ee728b)
Start importing Assets/assets/Models/Farm_1.fbx using Guid(f9e20e3484ddf0e4db27f3b33d033288) Importer(815301076,1909f56bfc062723c751e8b465ee728b) (PreviewImporter) -> (artifact id: '2441e47e99bfda78989cc30ee6fc2f51') in 0.0293152 seconds
Number of updated asset objects reloaded before import = 0Number of asset objects unloaded after import = 9

========================================================================
Received Import Request.
  Time since last request: 0.000023 seconds.
  path: Assets/assets/Models/Farm_fence3.fbx
  artifactKey: Guid(9dfc9dc703022eb45a68a94dbba0496d) Importer(815301076,1909f56bfc062723c751e8b465ee728b)
Start importing Assets/assets/Models/Farm_fence3.fbx using Guid(9dfc9dc703022eb45a68a94dbba0496d) Importer(815301076,1909f56bfc062723c751e8b465ee728b) (PreviewImporter) -> (artifact id: '370b27ecd26e11ece9032b2137dd84bb') in 0.0277307 seconds
Number of updated asset objects reloaded before import = 0Number of asset objects unloaded after import = 9

========================================================================
Received Import Request.
  Time since last request: 0.000018 seconds.
  path: Assets/assets/Models/Corn1.fbx
  artifactKey: Guid(eba13e41d98282d4094dd17f8b7ae2f6) Importer(815301076,1909f56bfc062723c751e8b465ee728b)
Start importing Assets/assets/Models/Corn1.fbx using Guid(eba13e41d98282d4094dd17f8b7ae2f6) Importer(815301076,1909f56bfc062723c751e8b465ee728b) (PreviewImporter) -> (artifact id: '41fc7336ae60fe24909bd0198d22253d') in 0.0291133 seconds
Number of updated asset objects reloaded before import = 0Number of asset objects unloaded after import = 9

========================================================================
Received Import Request.
  Time since last request: 0.000024 seconds.
  path: Assets/assets/Models/Farm_3.fbx
  artifactKey: Guid(e0c01e424fbad864e89dc323678f4935) Importer(815301076,1909f56bfc062723c751e8b465ee728b)
Start importing Assets/assets/Models/Farm_3.fbx using Guid(e0c01e424fbad864e89dc323678f4935) Importer(815301076,1909f56bfc062723c751e8b465ee728b) (PreviewImporter) -> (artifact id: '46f9eb20fd9d13c6ed67bd6eb013c7bc') in 0.0237847 seconds
Number of updated asset objects reloaded before import = 0Number of asset objects unloaded after import = 9

========================================================================
Received Import Request.
  Time since last request: 0.000034 seconds.
  path: Assets/assets/Models/Evac1B.fbx
  artifactKey: Guid(b9aa8437e57ad4744ade313bf946c317) Importer(815301076,1909f56bfc062723c751e8b465ee728b)
Start importing Assets/assets/Models/Evac1B.fbx using Guid(b9aa8437e57ad4744ade313bf946c317) Importer(815301076,1909f56bfc062723c751e8b465ee728b) (PreviewImporter) -> (artifact id: 'c5c12510691dc0942b33d80d9f0ae356') in 0.0274642 seconds
Number of updated asset objects reloaded before import = 0Number of asset objects unloaded after import = 9

========================================================================
Received Import Request.
  Time since last request: 0.000022 seconds.
  path: Assets/assets/Models/Garage3.fbx
  artifactKey: Guid(efc27807b5939fe44818b88bc379e35d) Importer(815301076,1909f56bfc062723c751e8b465ee728b)
Start importing Assets/assets/Models/Garage3.fbx using Guid(efc27807b5939fe44818b88bc379e35d) Importer(815301076,1909f56bfc062723c751e8b465ee728b) (PreviewImporter) -> (artifact id: 'e2f28dd34413a8e15275cf92bf004af0') in 0.0270859 seconds
Number of updated asset objects reloaded before import = 0Number of asset objects unloaded after import = 9

========================================================================
Received Import Request.
  Time since last request: 0.000025 seconds.
  path: Assets/assets/Models/Farm_fence2.fbx
  artifactKey: Guid(f130e700df7cd7e4f935e662f9adbecb) Importer(815301076,1909f56bfc062723c751e8b465ee728b)
Start importing Assets/assets/Models/Farm_fence2.fbx using Guid(f130e700df7cd7e4f935e662f9adbecb) Importer(815301076,1909f56bfc062723c751e8b465ee728b) (PreviewImporter) -> (artifact id: '5b1be4347c278c3988b4809f6dfb2aa9') in 0.0265888 seconds
Number of updated asset objects reloaded before import = 0Number of asset objects unloaded after import = 9

========================================================================
Received Import Request.
  Time since last request: 0.000024 seconds.
  path: Assets/assets/Models/Farm_fence4.fbx
  artifactKey: Guid(d8606d632fa997447bf8e276bbfaf65e) Importer(815301076,1909f56bfc062723c751e8b465ee728b)
Start importing Assets/assets/Models/Farm_fence4.fbx using Guid(d8606d632fa997447bf8e276bbfaf65e) Importer(815301076,1909f56bfc062723c751e8b465ee728b) (PreviewImporter) -> (artifact id: '548a7b31e2d19064bb5c9d46aac403fb') in 0.0257652 seconds
Number of updated asset objects reloaded before import = 0Number of asset objects unloaded after import = 11

========================================================================
Received Import Request.
  Time since last request: 0.000030 seconds.
  path: Assets/assets/Models/Farm_silo.fbx
  artifactKey: Guid(59ce6b7452d556c48b4b0761f088e975) Importer(815301076,1909f56bfc062723c751e8b465ee728b)
Start importing Assets/assets/Models/Farm_silo.fbx using Guid(59ce6b7452d556c48b4b0761f088e975) Importer(815301076,1909f56bfc062723c751e8b465ee728b) (PreviewImporter) -> (artifact id: '1ff5298e2da8c903efc10dcf01e2b30f') in 0.0349373 seconds
Number of updated asset objects reloaded before import = 0Number of asset objects unloaded after import = 23

========================================================================
Received Import Request.
  Time since last request: 0.000018 seconds.
  path: Assets/assets/Models/Garage1.fbx
  artifactKey: Guid(a2e4438e64f604449900e0fbba0b271e) Importer(815301076,1909f56bfc062723c751e8b465ee728b)
Start importing Assets/assets/Models/Garage1.fbx using Guid(a2e4438e64f604449900e0fbba0b271e) Importer(815301076,1909f56bfc062723c751e8b465ee728b) (PreviewImporter) -> (artifact id: '3f08fce06f1bd5901d60a5fb0f2ba12a') in 0.0293487 seconds
Number of updated asset objects reloaded before import = 0Number of asset objects unloaded after import = 9

========================================================================
Received Import Request.
  Time since last request: 14.515240 seconds.
  path: Assets/assets/Effects/Particles/Part3_toxic smoke.prefab
  artifactKey: Guid(fe98fe1a5fddb294ca50879313db0a5f) Importer(815301076,1909f56bfc062723c751e8b465ee728b)
Start importing Assets/assets/Effects/Particles/Part3_toxic smoke.prefab using Guid(fe98fe1a5fddb294ca50879313db0a5f) Importer(815301076,1909f56bfc062723c751e8b465ee728b) (PreviewImporter) -> (artifact id: 'e7c4ce22d121b906eb8db5fcb1f621b3') in 0.0656525 seconds
Number of updated asset objects reloaded before import = 0Number of asset objects unloaded after import = 8

========================================================================
Received Import Request.
  Time since last request: 23.134048 seconds.
  path: Assets/assets/Models/Road2.fbx
  artifactKey: Guid(d4cfc399ddfeac943b2bb2b3edd5afcd) Importer(815301076,1909f56bfc062723c751e8b465ee728b)
Start importing Assets/assets/Models/Road2.fbx using Guid(d4cfc399ddfeac943b2bb2b3edd5afcd) Importer(815301076,1909f56bfc062723c751e8b465ee728b) (PreviewImporter) -> (artifact id: '1c859d41005f9dc2d80fb5a94c17bda5') in 0.0231589 seconds
Number of updated asset objects reloaded before import = 0Number of asset objects unloaded after import = 9

========================================================================
Received Import Request.
  Time since last request: 0.000028 seconds.
  path: Assets/assets/Models/Road4.fbx
  artifactKey: Guid(7621a8b7f1efb854a97ac7b68e64ca02) Importer(815301076,1909f56bfc062723c751e8b465ee728b)
Start importing Assets/assets/Models/Road4.fbx using Guid(7621a8b7f1efb854a97ac7b68e64ca02) Importer(815301076,1909f56bfc062723c751e8b465ee728b) (PreviewImporter) -> (artifact id: 'dd67a83eca23629e5da763abc199b4a7') in 0.0222343 seconds
Number of updated asset objects reloaded before import = 0Number of asset objects unloaded after import = 9

========================================================================
Received Import Request.
  Time since last request: 0.000034 seconds.
  path: Assets/assets/Models/Road5.fbx
  artifactKey: Guid(6b1418f5cdb1f3b458a3f8eeef800c6d) Importer(815301076,1909f56bfc062723c751e8b465ee728b)
Start importing Assets/assets/Models/Road5.fbx using Guid(6b1418f5cdb1f3b458a3f8eeef800c6d) Importer(815301076,1909f56bfc062723c751e8b465ee728b) (PreviewImporter) -> (artifact id: '1996d70a5f26c78584a272dbe60ab272') in 0.0256304 seconds
Number of updated asset objects reloaded before import = 0Number of asset objects unloaded after import = 9

========================================================================
Received Import Request.
  Time since last request: 0.000040 seconds.
  path: Assets/assets/Models/Road8.fbx
  artifactKey: Guid(a7f7a882a6fffd44fafec4f050c85e60) Importer(815301076,1909f56bfc062723c751e8b465ee728b)
Start importing Assets/assets/Models/Road8.fbx using Guid(a7f7a882a6fffd44fafec4f050c85e60) Importer(815301076,1909f56bfc062723c751e8b465ee728b) (PreviewImporter) -> (artifact id: 'c09ee75813254ec67444ea03ea0bc49c') in 0.0237897 seconds
Number of updated asset objects reloaded before import = 0Number of asset objects unloaded after import = 9

========================================================================
Received Import Request.
  Time since last request: 0.000028 seconds.
  path: Assets/assets/Models/Road_Barrier.fbx
  artifactKey: Guid(9386098ea722eba429001c1a5b014983) Importer(815301076,1909f56bfc062723c751e8b465ee728b)
Start importing Assets/assets/Models/Road_Barrier.fbx using Guid(9386098ea722eba429001c1a5b014983) Importer(815301076,1909f56bfc062723c751e8b465ee728b) (PreviewImporter) -> (artifact id: 'c716c5c7f99338eb9014682ea46f607d') in 0.0261959 seconds
Number of updated asset objects reloaded before import = 0Number of asset objects unloaded after import = 9

========================================================================
Received Import Request.
  Time since last request: 0.000065 seconds.
  path: Assets/assets/Models/Road9.fbx
  artifactKey: Guid(0bceecba57a8b514ea8c1c1a9b380394) Importer(815301076,1909f56bfc062723c751e8b465ee728b)
Start importing Assets/assets/Models/Road9.fbx using Guid(0bceecba57a8b514ea8c1c1a9b380394) Importer(815301076,1909f56bfc062723c751e8b465ee728b) (PreviewImporter) -> (artifact id: 'b26810c7bc58b66837ba8c6cb311722b') in 0.0241604 seconds
Number of updated asset objects reloaded before import = 0Number of asset objects unloaded after import = 9

Editor requested this worker to shutdown with reason: Scaling down because of idle timeout
AssetImportWorker is now disconnected from the server
Process exiting
Exiting without the bug reporter. Application will terminate with return code 0